28-004c0a000096 = a

28-00dc0a0000af = b

28-01208e0000af = c

28-006341000096 = d

28-004b4e000096 = e

28-01145a0000af = f

{'28-004c0a000096': 'a', '28-00dc0a0000af': 'b', '28-01208e0000af': 'c', '28-006341000096': 'd', '28-004b4e000096': 'e', '28-01145a0000af': 'f'}
{'28-004c0a000096': -1.175, '28-00dc0a0000af': -0.35, '28-01208e0000af': 0.0, '28-006341000096': 0.38, '28-004b4e000096': 0.0, '28-01145a0000af': 1.5}
Found  28-006341000096 d
Found  28-01145a0000af f
offsetting data from 'sensor_offsets'
a a 28-004c0a000096 None
2025-04-23 14:34:01.157075,,
b b 28-00dc0a0000af None
2025-04-23 14:34:01.157075,,,
c c 28-01208e0000af None
2025-04-23 14:34:01.157075,,,,
d d 28-006341000096 10.567
2025-04-23 14:34:01.157075,,,,10.567,
e e 28-004b4e000096 None
2025-04-23 14:34:01.157075,,,,10.567,,
f f 28-01145a0000af 11.062
2025-04-23 14:34:01.157075,,,,10.567,,11.062,
2025-04-23 14:34:01.157075,,,,10.567,,11.062
2025-04-23 14:34:01.157075 saved to /home/pi/dev/ghouse/data/internal/tempdata.csv
